<?xml version="1.0" encoding="UTF-8"?>
<con:soapui-project name="Test Project" soapui-version="2.5.2" xmlns:con="http://eviware.com/soapui/config"><con:settings/><con:properties/><con:wssContainer/></con:soapui-project>